<?xml version="1.0" encoding="UTF-8"?>
<testsuites>
  <testsuite name="scool Test Suite" tests="1" assertions="1" failures="0" errors="0" time="0.002401">
    <testsuite name="AssesmentsTest" file="/home/cristian/Code/sintesi/assesments/tests/AssesmentsTest.php" tests="1" assertions="1" failures="0" errors="0" time="0.002401">
      <testcase name="it_shows_submodules" class="AssesmentsTest" file="/home/cristian/Code/sintesi/assesments/tests/AssesmentsTest.php" line="16" assertions="1" time="0.002401"/>
    </testsuite>
  </testsuite>
</testsuites>
